<?xml version="1.0" encoding="UTF-8"?>
<!-- Generated by org.testng.reporters.JUnitReportReporter -->
<testsuite hostname="DESKTOP-H8GTL7Q" failures="0" tests="1" name="tests.RegisterTest" time="19.753" errors="0" timestamp="2021-12-04T17:01:00 IST" skipped="0">
  <testcase classname="tests.RegisterTest" name="RegisterWithValidDetails" time="19.753"/>
  <system-out/>
</testsuite> <!-- tests.RegisterTest -->
