<?xml version="1.0" encoding="UTF-8"?>
<!-- Generated by org.testng.reporters.JUnitReportReporter -->
<testsuite hostname="DESKTOP-H8GTL7Q" failures="0" tests="2" name="tests.SearchTest" time="22.442" errors="0" timestamp="2021-12-04T16:40:00 IST" skipped="0">
  <testcase classname="tests.SearchTest" name="searchForANonExistingProduct" time="8.640"/>
  <system-out/>
  <testcase classname="tests.SearchTest" name="searchForAnExistingProduct" time="13.802"/>
  <system-out/>
</testsuite> <!-- tests.SearchTest -->
